<?xml version="1.0" encoding="UTF-8"?>
<testng-results ignored="0" total="1" passed="1" failed="0" skipped="0">
  <reporter-output>
  </reporter-output>
  <suite started-at="2022-08-06T15:13:38Z" name="Suite" finished-at="2022-08-06T15:13:51Z" duration-ms="12423">
    <groups>
      <group name="@launch">
        <method signature="resources.FeatureFiles.sample.feature.first one()[pri:1000, instance:com.qmetry.qaf.automation.step.client.Scenario@3e8]" name="first one" class="com.qmetry.qaf.automation.step.client.Scenario"/>
      </group> <!-- @launch -->
    </groups>
    <test started-at="2022-08-06T15:13:38Z" name="Test" finished-at="2022-08-06T15:13:51Z" duration-ms="12423">
      <class name="com.qmetry.qaf.automation.step.client.Scenario">
        <test-method is-config="true" signature="setupSuit(org.testng.ITestContext)[pri:0, instance:com.qmetry.qaf.automation.step.client.Scenario@3e8]" started-at="2022-08-06T20:43:38Z" name="setupSuit" test-instance-name="first one" finished-at="2022-08-06T20:43:38Z" duration-ms="32" status="PASS">
          <params>
            <param index="0">
              <value>
                <![CDATA[org.testng.TestRunner@54e22bdd]]>
              </value>
            </param>
          </params>
          <reporter-output>
          </reporter-output>
        </test-method> <!-- setupSuit -->
        <test-method is-config="true" signature="setupTest(org.testng.ITestContext)[pri:0, instance:com.qmetry.qaf.automation.step.client.Scenario@3e8]" started-at="2022-08-06T20:43:38Z" name="setupTest" test-instance-name="first one" finished-at="2022-08-06T20:43:38Z" duration-ms="5" status="PASS">
          <params>
            <param index="0">
              <value>
                <![CDATA[org.testng.TestRunner@54e22bdd]]>
              </value>
            </param>
          </params>
          <reporter-output>
          </reporter-output>
        </test-method> <!-- setupTest -->
        <test-method is-config="true" signature="setup(org.testng.ITestContext)[pri:0, instance:com.qmetry.qaf.automation.step.client.Scenario@3e8]" started-at="2022-08-06T20:43:38Z" name="setup" test-instance-name="first one" finished-at="2022-08-06T20:43:38Z" duration-ms="1" status="PASS">
          <params>
            <param index="0">
              <value>
                <![CDATA[org.testng.TestRunner@54e22bdd]]>
              </value>
            </param>
          </params>
          <reporter-output>
          </reporter-output>
        </test-method> <!-- setup -->
        <test-method is-config="true" signature="setupMethod(java.lang.reflect.Method, org.testng.ITestContext)[pri:0, instance:com.qmetry.qaf.automation.step.client.Scenario@3e8]" started-at="2022-08-06T20:43:38Z" name="setupMethod" test-instance-name="first one" finished-at="2022-08-06T20:43:38Z" duration-ms="1" status="PASS">
          <params>
            <param index="0">
              <value>
                <![CDATA[public void com.qmetry.qaf.automation.step.client.Scenario.scenario()]]>
              </value>
            </param>
            <param index="1">
              <value>
                <![CDATA[org.testng.TestRunner@54e22bdd]]>
              </value>
            </param>
          </params>
          <reporter-output>
          </reporter-output>
        </test-method> <!-- setupMethod -->
        <test-method signature="first one()[pri:1000, instance:com.qmetry.qaf.automation.step.client.Scenario@3e8]" started-at="2022-08-06T20:43:38Z" name="first one" test-instance-name="first one" finished-at="2022-08-06T20:43:51Z" duration-ms="12385" status="PASS">
          <reporter-output>
          </reporter-output>
        </test-method> <!-- first one -->
        <test-method is-config="true" signature="afterMethod(org.testng.ITestContext, org.testng.ITestResult)[pri:0, instance:com.qmetry.qaf.automation.step.client.Scenario@3e8]" started-at="2022-08-06T20:43:51Z" name="afterMethod" test-instance-name="first one" finished-at="2022-08-06T20:43:51Z" duration-ms="1" status="PASS">
          <params>
            <param index="0">
              <value>
                <![CDATA[org.testng.TestRunner@54e22bdd]]>
              </value>
            </param>
            <param index="1">
              <value>
                <![CDATA[[TestResult name=first one status=SUCCESS method=resources.FeatureFiles.sample.feature.first one()[pri:1000, instance:com.qmetry.qaf.automation.step.client.Scenario@3e8] output={null}]]]>
              </value>
            </param>
          </params>
          <reporter-output>
          </reporter-output>
        </test-method> <!-- afterMethod -->
        <test-method is-config="true" signature="afterClass(org.testng.ITestContext)[pri:0, instance:com.qmetry.qaf.automation.step.client.Scenario@3e8]" started-at="2022-08-06T20:43:51Z" name="afterClass" test-instance-name="first one" finished-at="2022-08-06T20:43:51Z" duration-ms="1" status="PASS">
          <params>
            <param index="0">
              <value>
                <![CDATA[org.testng.TestRunner@54e22bdd]]>
              </value>
            </param>
          </params>
          <reporter-output>
          </reporter-output>
        </test-method> <!-- afterClass -->
        <test-method is-config="true" signature="afterTest(org.testng.ITestContext)[pri:0, instance:com.qmetry.qaf.automation.step.client.Scenario@3e8]" started-at="2022-08-06T20:43:51Z" name="afterTest" test-instance-name="first one" finished-at="2022-08-06T20:43:51Z" duration-ms="0" status="PASS">
          <params>
            <param index="0">
              <value>
                <![CDATA[org.testng.TestRunner@54e22bdd]]>
              </value>
            </param>
          </params>
          <reporter-output>
          </reporter-output>
        </test-method> <!-- afterTest -->
      </class> <!-- com.qmetry.qaf.automation.step.client.Scenario -->
    </test> <!-- Test -->
  </suite> <!-- Suite -->
</testng-results>
